ca65 V2.18 - N/A
Main file   : src/patch_antic_on.asm
Current file: src/patch_antic_on.asm

000000r 1                               .setcpu "6502"
000000r 1               
000000r 1               SDMCTL          := $022F                        ; DMA enable
000000r 1               
000000r 1               start:
000000r 1               ; Top of GR.0 Screen obscurred by title page ($9C40-$9CFF)
000000r 1  40 9C                        .byte   $40,$9C
000002r 1  FF 9C                        .byte   $FF,$9C
000004r 1               
000004r 1                               .org    $9C40
009C40  1               
009C40  1               ; 9C40..9C67
009C40  1  00 00 00 00                  .byte   $00,$00,$00,$00,$00,$00,$00,$00,$00,$00,$00,$00,$00,$00,$00,$00,$00,$00,$00,$00
009C44  1  00 00 00 00  
009C48  1  00 00 00 00  
009C54  1  00 00 00 00                  .byte   $00,$00,$00,$00,$00,$00,$00,$00,$00,$00,$00,$00,$00,$00,$00,$00,$00,$00,$00,$00
009C58  1  00 00 00 00  
009C5C  1  00 00 00 00  
009C68  1               ; 9C68..9C8F                      R   E   A   D   Y
009C68  1  00 00 32 25                  .byte   $00,$00,$32,$25,$21,$24,$39,$00,$00,$00,$00,$00,$00,$00,$00,$00,$00,$00,$00,$00
009C6C  1  21 24 39 00  
009C70  1  00 00 00 00  
009C7C  1  00 00 00 00                  .byte   $00,$00,$00,$00,$00,$00,$00,$00,$00,$00,$00,$00,$00,$00,$00,$00,$00,$00,$00,$00
009C80  1  00 00 00 00  
009C84  1  00 00 00 00  
009C90  1               ; Move "_PROGRAM_LOADING_" text from $82C9 to TITLE SCREEN area"
009C90  1               ; 9C90..9CB7                      X   =   U   S   R   (   1   5   7   5   ,   3   3   4   8   1   ,   3
009C90  1  00 00 38 1D                  .byte   $00,$00,$38,$1D,$35,$33,$32,$08,$11,$15,$17,$15,$0C,$13,$13,$14,$18,$11,$0C,$13
009C94  1  35 33 32 08  
009C98  1  11 15 17 15  
009CA4  1               ; Load and Run BASIC code
009CA4  1               ;                         4   4   1   9   ,   1   8   )   :   R   U   N   "   D   :   M   C   "
009CA4  1  14 14 11 19                  .byte   $14,$14,$11,$19,$0C,$11,$18,$09,$1A,$32,$35,$2E,$02,$24,$1A,$2D,$23,$02,$00,$00
009CA8  1  0C 11 18 09  
009CAC  1  1A 32 35 2E  
009CB8  1               ; 9CB8..9CDF
009CB8  1  00 00 00 00                  .byte   $00,$00,$00,$00,$00,$00,$00,$00,$00,$00,$00,$00,$00,$00,$00,$00,$00,$00,$00,$00
009CBC  1  00 00 00 00  
009CC0  1  00 00 00 00  
009CCC  1  00 00 00 00                  .byte   $00,$00,$00,$00,$00,$00,$00,$00,$00,$00,$00,$00,$00,$00,$00,$00,$00,$00,$00,$00
009CD0  1  00 00 00 00  
009CD4  1  00 00 00 00  
009CE0  1               ; 9CE0..9CFF
009CE0  1  00 00 00 00                  .byte   $00,$00,$00,$00,$00,$00,$00,$00,$00,$00,$00,$00,$00,$00,$00,$00,$00,$00,$00,$00
009CE4  1  00 00 00 00  
009CE8  1  00 00 00 00  
009CF4  1  00 00 00 00                  .byte   $00,$00,$00,$00,$00,$00,$00,$00,$00,$00,$00,$00
009CF8  1  00 00 00 00  
009CFC  1  00 00 00 00  
009D00  1               
009D00  1               ; Re-enable ANTIC (back to default $22)
009D00  1  2F 02                .byte   <SDMCTL,>SDMCTL
009D02  1  2F 02                .byte   <SDMCTL,>SDMCTL
009D04  1  22                   .byte   $22
009D05  1               
009D05  1               ; Entry point
009D05  1  E0 02                .byte	$E0,$02
009D07  1  E1 02                .byte	$E1,$02
009D09  1  D1 06                .byte	$D1,$06                         ; LoadnGo ($06D1)
009D0A  1               
